Error: ORA-01722: invalid number
    at async Object.module.exports.select (C:\Users\mathe\source\workspace\simulador-cat42\cat42-server\service\Oracle.js:139:12)
    at async Pais.select (C:\Users\mathe\source\workspace\simulador-cat42\cat42-server\service\model\Ac331.js:89:12)
    at async Object.module.exports.Nfe (C:\Users\mathe\source\workspace\simulador-cat42\cat42-server\service\ImportacaoXMLSaida.js:69:12)
    at async C:\Users\mathe\source\workspace\simulador-cat42\cat42-server\service\ImportacaoXML.js:67:15
    at async Object.module.exports.XmlSaida (C:\Users\mathe\source\workspace\simulador-cat42\cat42-server\service\ImportacaoXML.js:54:9)
    at async Object.module.exports.XmlSaida (C:\Users\mathe\source\workspace\simulador-cat42\cat42-server\service\Importacoes.js:23:5)
    at async C:\Users\mathe\source\workspace\simulador-cat42\cat42-server\route\v1\etapas.js:99:11Error: 
ORA-01722: invalid number
    at async Object.module.exports.select (C:\Users\mathe\source\workspace\simulador-cat42\cat42-server\service\Oracle.js:139:12)
    at async Pais.select (C:\Users\mathe\source\workspace\simulador-cat42\cat42-server\service\model\Ac331.js:89:12)
    at async Object.module.exports.Nfe (C:\Users\mathe\source\workspace\simulador-cat42\cat42-server\service\ImportacaoXMLSaida.js:69:12)
    at async C:\Users\mathe\source\workspace\simulador-cat42\cat42-server\service\ImportacaoXML.js:67:15
    at async Object.module.exports.XmlSaida (C:\Users\mathe\source\workspace\simulador-cat42\cat42-server\service\ImportacaoXML.js:54:9)
    at async Object.module.exports.XmlSaida (C:\Users\mathe\source\workspace\simulador-cat42\cat42-server\service\Importacoes.js:23:5)
    at async C:\Users\mathe\source\workspace\simulador-cat42\cat42-server\route\v1\etapas.js:99:11Error: ORA-01722: invalid number
    at async Object.module.exports.select (C:\Users\mathe\source\workspace\simulador-cat42\cat42-server\service\Oracle.js:139:12)
    at async Pais.select (C:\Users\mathe\source\workspace\simulador-cat42\cat42-server\service\model\Ac331.js:89:12)
    at async Object.module.exports.Nfe (C:\Users\mathe\source\workspace\simulador-cat42\cat42-server\service\ImportacaoXMLSaida.js:69:12)
    at async C:\Users\mathe\source\workspace\simulador-cat42\cat42-server\service\ImportacaoXML.js:67:15
    at async Object.module.exports.XmlSaida (C:\Users\mathe\source\workspace\simulador-cat42\cat42-server\service\ImportacaoXML.js:54:9)
    at async Object.module.exports.XmlSaida (C:\Users\mathe\source\workspace\simulador-cat42\cat42-server\service\Importacoes.js:23:5)
    at async C:\Users\mathe\source\workspace\simulador-cat42\cat42-server\route\v1\etapas.js:99:11
Error: ORA-01722: invalid number
    at async Object.module.exports.select (C:\Users\mathe\source\workspace\simulador-cat42\cat42-server\service\Oracle.js:139:12)
    at async Pais.select (C:\Users\mathe\source\workspace\simulador-cat42\cat42-server\service\model\Ac331.js:89:12)
    at async Object.module.exports.Nfe (C:\Users\mathe\source\workspace\simulador-cat42\cat42-server\service\ImportacaoXMLSaida.js:69:12)
    at async C:\Users\mathe\source\workspace\simulador-cat42\cat42-server\service\ImportacaoXML.js:67:15
    at async Object.module.exports.XmlSaida (C:\Users\mathe\source\workspace\simulador-cat42\cat42-server\service\ImportacaoXML.js:54:9)
    at async Object.module.exports.XmlSaida (C:\Users\mathe\source\workspace\simulador-cat42\cat42-server\service\Importacoes.js:23:5)
    at async C:\Users\mathe\source\workspace\simulador-cat42\cat42-server\route\v1\etapas.js:99:11\nasfdfsfdfdfaError: Nota fiscal informada não pertence a empresa cadastrada. - Arquivo: 35181161559589000238550020001603361114615600-nfe.xml
    at Object.module.exports.Nfe (C:\Users\mathe\source\workspace\simulador-cat42\cat42-server\service\ImportacaoXMLSaida.js:39:11)
    at async C:\Users\mathe\source\workspace\simulador-cat42\cat42-server\service\ImportacaoXML.js:67:15
    at async Object.module.exports.XmlSaida (C:\Users\mathe\source\workspace\simulador-cat42\cat42-server\service\ImportacaoXML.js:54:9)
    at async Object.module.exports.XmlSaida (C:\Users\mathe\source\workspace\simulador-cat42\cat42-server\service\Importacoes.js:23:5)
    at async C:\Users\mathe\source\workspace\simulador-cat42\cat42-server\route\v1\etapas.js:99:11\nError: ORA-01722: invalid number
    at async Object.module.exports.select (C:\Users\mathe\source\workspace\simulador-cat42\cat42-server\service\Oracle.js:139:12)
    at async Pais.select (C:\Users\mathe\source\workspace\simulador-cat42\cat42-server\service\model\Ac331.js:89:12)
    at async Object.module.exports.Nfe (C:\Users\mathe\source\workspace\simulador-cat42\cat42-server\service\ImportacaoXMLSaida.js:69:12)
    at async C:\Users\mathe\source\workspace\simulador-cat42\cat42-server\service\ImportacaoXML.js:67:15
    at async Object.module.exports.XmlSaida (C:\Users\mathe\source\workspace\simulador-cat42\cat42-server\service\ImportacaoXML.js:54:9)
    at async Object.module.exports.XmlSaida (C:\Users\mathe\source\workspace\simulador-cat42\cat42-server\service\Importacoes.js:23:5)
    at async C:\Users\mathe\source\workspace\simulador-cat42\cat42-server\route\v1\etapas.js:99:11\nError: ORA-01722: invalid number
    at async Object.module.exports.select (C:\Users\mathe\source\workspace\simulador-cat42\cat42-server\service\Oracle.js:139:12)
    at async Pais.select (C:\Users\mathe\source\workspace\simulador-cat42\cat42-server\service\model\Ac331.js:89:12)
    at async Object.module.exports.Nfe (C:\Users\mathe\source\workspace\simulador-cat42\cat42-server\service\ImportacaoXMLSaida.js:69:12)
    at async C:\Users\mathe\source\workspace\simulador-cat42\cat42-server\service\ImportacaoXML.js:67:15
    at async Object.module.exports.XmlSaida (C:\Users\mathe\source\workspace\simulador-cat42\cat42-server\service\ImportacaoXML.js:54:9)
    at async Object.module.exports.XmlSaida (C:\Users\mathe\source\workspace\simulador-cat42\cat42-server\service\Importacoes.js:23:5)
    at async C:\Users\mathe\source\workspace\simulador-cat42\cat42-server\route\v1\etapas.js:99:11
Error: ORA-01722: invalid number
    at async Object.module.exports.select (C:\Users\mathe\source\workspace\simulador-cat42\cat42-server\service\Oracle.js:139:12)
    at async Pais.select (C:\Users\mathe\source\workspace\simulador-cat42\cat42-server\service\model\Ac331.js:89:12)
    at async Object.module.exports.Nfe (C:\Users\mathe\source\workspace\simulador-cat42\cat42-server\service\ImportacaoXMLSaida.js:69:12)
    at async C:\Users\mathe\source\workspace\simulador-cat42\cat42-server\service\ImportacaoXML.js:67:15
    at async Object.module.exports.XmlSaida (C:\Users\mathe\source\workspace\simulador-cat42\cat42-server\service\ImportacaoXML.js:54:9)
    at async Object.module.exports.XmlSaida (C:\Users\mathe\source\workspace\simulador-cat42\cat42-server\service\Importacoes.js:23:5)
    at async C:\Users\mathe\source\workspace\simulador-cat42\cat42-server\route\v1\etapas.js:99:11
